--------------------------------------------------------------------------------
Makelog started: 2023-07-26 18:59:37
Working directory: /Users/sameernair-desai/Desktop/IndRes/CJD_Epi/data
--------------------------------------------------------------------------------
Input links successfully created!
External links successfully created!
Source logs successfully written!
Version logs successfully written!
Executing command: `Rscript --no-save "/Users/sameernair-desai/Desktop/IndRes/CJD_Epi/data/code/clean_data.R"`
Overall national mortality rates for panel A: 1999 - 2006 have been loaded... 
Overall national mortality rates for panel B: 2007 - 2022 have been loaded... 
Overall state mortality rates for panel A: 1999 - 2006 have been loaded... 
Overall state mortality rates for panel B: 2007 - 2022 have been loaded... 
National mortality rates by gender for panel A: 1999 - 2006 have been loaded... 
National mortality rates by gender for panel B: 2007 - 2022 have been loaded... 
Age-specific national mortality rates by gender for panel A: 1999 - 2006 have been loaded... 
Age-specific national mortality rates by gender for panel B: 2007 - 2022 have been loaded... 
Completed cleaning process ... 
── Data Summary ────────────────────────
                           Values            
Name                       cleaned_nmr_totals
Number of rows             15                
Number of columns          13                
_______________________                      
Column type frequency:                       
  character                3                 
  numeric                  10                
________________________                     
Group variables            None              

── Variable type: character ────────────────────────────────────────────────────
  skim_variable      n_missing complete_rate min max empty n_unique whitespace
1 time_period                0             1   4  11     0       15          0
2 us_time_period_pop         0             1  13  13     0       15          0
3 icd_code                   0             1   5   5     0        1          0

── Variable type: numeric ──────────────────────────────────────────────────────
   skim_variable             n_missing complete_rate      mean         sd
 1 raw_death_count                   0             1 755.      1359.     
 2 raw_death_rate                    0             1   0.127      0.0170 
 3 raw_death_rate_ci_low             0             1   0.115      0.0165 
 4 raw_death_rate_ci_hi              0             1   0.139      0.0178 
 5 raw_death_rate_se                 0             1   0.00601    0.00124
 6 age_adj_death_rate                0             1   0.105      0.00787
 7 age_adj_death_rate_ci_low         0             1   0.0946     0.00810
 8 age_adj_death_rate_ci_hi          0             1   0.115      0.00815
 9 age_adj_death_rate_se             0             1   0.00512    0.00104
10 time_period_death_share           0             1  13.3       24.0    
          p0       p25       p50       p75       p100 hist 
 1 303       347       428       458.      5662       ▇▁▁▁▁
 2   0.101     0.112     0.128     0.140      0.158   ▆▃▅▇▂
 3   0.0893    0.0999    0.122     0.127      0.144   ▅▂▂▇▁
 4   0.112     0.124     0.138     0.153      0.171   ▆▅▃▇▂
 5   0.0017    0.00591   0.00629   0.00659    0.00693 ▁▁▁▂▇
 6   0.0895    0.101     0.106     0.109      0.116   ▃▃▆▇▇
 7   0.0794    0.0899    0.0957    0.101      0.106   ▅▂▃▆▇
 8   0.0995    0.109     0.116     0.120      0.127   ▃▆▃▇▇
 9   0.00143   0.00519   0.00537   0.00547    0.00584 ▁▁▁▁▇
10   5.35      6.13      7.56      8.1      100       ▇▁▁▁▁
Completed initial data exploration for overall national totals... 
── Data Summary ────────────────────────
                           Values            
Name                       cleaned_smr_totals
Number of rows             207               
Number of columns          15                
_______________________                      
Column type frequency:                       
  character                3                 
  numeric                  12                
________________________                     
Group variables            None              

── Variable type: character ────────────────────────────────────────────────────
  skim_variable      n_missing complete_rate min max empty n_unique whitespace
1 state                      0             1   4  14     0       25          0
2 us_time_period_pop         0             1  10  10     0      207          0
3 icd_code                   0             1   5   5     0        1          0

── Variable type: numeric ──────────────────────────────────────────────────────
   skim_variable             n_missing complete_rate      mean      sd        p0
 1 state_code                        0         1       31.2    15.0       4     
 2 time_period                       0         1     2014.      3.95   2007     
 3 raw_death_count                   0         1       18.8     9.91     10     
 4 raw_death_rate                  145         0.300    0.147   0.0465    0.0738
 5 raw_death_rate_ci_low             0         1        0.0896  0.0309    0.0281
 6 raw_death_rate_ci_hi              0         1        0.254   0.0877    0.0982
 7 raw_death_rate_se                 0         1        0.0390  0.0152    0.0142
 8 age_adj_death_rate              145         0.300    0.118   0.0328    0.0670
 9 age_adj_death_rate_ci_low         0         1        0.0726  0.0240    0.0166
10 age_adj_death_rate_ci_hi          0         1        0.211   0.0696    0.0689
11 age_adj_death_rate_se             0         1        0.0328  0.0123    0.0122
12 time_period_death_share           0         1        0.331   0.175     0.18  
         p25       p50       p75      p100 hist 
 1   17        34        42        55      ▆▃▆▇▆
 2 2011      2014      2018      2020      ▅▆▅▇▇
 3   12        16        21.5      62      ▇▂▁▁▁
 4    0.112     0.142     0.171     0.305  ▇▇▃▁▁
 5    0.0706    0.0856    0.106     0.276  ▅▇▁▁▁
 6    0.197     0.242     0.307     0.735  ▇▇▂▁▁
 7    0.0279    0.0371    0.0488    0.110  ▇▇▃▁▁
 8    0.0974    0.111     0.135     0.230  ▆▇▅▁▁
 9    0.0584    0.0696    0.0837    0.236  ▃▇▁▁▁
10    0.158     0.204     0.250     0.628  ▅▇▂▁▁
11    0.0236    0.0316    0.0406    0.0948 ▆▇▂▁▁
12    0.21      0.28      0.38      1.1    ▇▂▁▁▁
Completed initial data exploration for overall state totals... 
── Data Summary ────────────────────────
                           Values            
Name                       cleaned_nmr_gender
Number of rows             43                
Number of columns          14                
_______________________                      
Column type frequency:                       
  character                4                 
  numeric                  10                
________________________                     
Group variables            None              

── Variable type: character ────────────────────────────────────────────────────
  skim_variable      n_missing complete_rate min max empty n_unique whitespace
1 time_period                0             1   4  11     0       15          0
2 gender                     0             1   4   6     0        3          0
3 us_time_period_pop         0             1  13  13     0       43          0
4 icd_code                   0             1   5   5     0        1          0

── Variable type: numeric ──────────────────────────────────────────────────────
   skim_variable             n_missing complete_rate      mean        sd
 1 raw_death_count                   0             1 395.      829.     
 2 raw_death_rate                    0             1   0.127     0.0172 
 3 raw_death_rate_ci_low             0             1   0.112     0.0166 
 4 raw_death_rate_ci_hi              0             1   0.143     0.0183 
 5 raw_death_rate_se                 0             1   0.00791   0.00163
 6 age_adj_death_rate                0             1   0.105     0.0108 
 7 age_adj_death_rate_ci_low         0             1   0.0920    0.0103 
 8 age_adj_death_rate_ci_hi          0             1   0.119     0.0121 
 9 age_adj_death_rate_se             0             1   0.00682   0.00153
10 time_period_death_share           0             1   6.98     14.6    
          p0       p25       p50       p75       p100 hist 
 1 150       192.      227       347       5662       ▇▁▁▁▁
 2   0.0999    0.111     0.128     0.140      0.160   ▇▅▆▇▂
 3   0.0841    0.0963    0.114     0.123      0.144   ▆▅▅▇▂
 4   0.112     0.127     0.145     0.156      0.180   ▆▅▅▇▂
 5   0.0017    0.00659   0.00844   0.00918    0.00996 ▁▁▅▂▇
 6   0.0826    0.0985    0.106     0.113      0.128   ▃▅▆▇▂
 7   0.0691    0.0837    0.0956    0.0995     0.111   ▂▅▃▇▃
 8   0.0962    0.109     0.117     0.127      0.146   ▃▆▇▅▂
 9   0.00143   0.00547   0.00703   0.00803    0.00993 ▁▁▆▇▃
10   2.65      3.38      4.01      6.13     100       ▇▁▁▁▁
── Data Summary ────────────────────────
                           Values                      
Name                       cleaned_nmr_gender_specif...
Number of rows             157                         
Number of columns          11                          
_______________________                                
Column type frequency:                                 
  character                5                           
  numeric                  6                           
________________________                               
Group variables            None                        

── Variable type: character ────────────────────────────────────────────────────
  skim_variable      n_missing complete_rate min max empty n_unique whitespace
1 time_period                0             1   4  11     0       15          0
2 gender                     0             1   4   6     0        3          0
3 age_groups                 0             1   9  11     0        6          0
4 us_time_period_pop         0             1  13  13     0      157          0
5 icd_code                   0             1   5   5     0        1          0

── Variable type: numeric ──────────────────────────────────────────────────────
  skim_variable                  n_missing complete_rate     mean       sd
1 raw_death_count                        0         1     143.     458.    
2 age_specific_death_rate               20         0.873   0.339    0.209 
3 age_specific_death_rate_ci_low         0         1       0.235    0.162 
4 age_specific_death_rate_ci_hi          0         1       0.411    0.285 
5 age_specific_death_rate_se             0         1       0.0431   0.0341
6 time_period_death_share                0         1       2.52     8.09  
       p0      p25     p50      p75     p100 hist 
1 10      33       62      158      5662     ▇▁▁▁▁
2  0.0881  0.134    0.315    0.531     0.821 ▇▃▃▅▁
3  0.0267  0.0970   0.212    0.370     0.657 ▇▃▃▂▁
4  0.0958  0.145    0.371    0.687     1.11  ▇▃▂▃▁
5  0.0017  0.00945  0.0380   0.0708    0.190 ▇▅▂▁▁
6  0.18    0.58     1.1      2.79    100     ▇▁▁▁▁
Completed initial data exploration for national totals by gender... 
Saved output dataframes... 
 
 
##### CLEANING COMPLETED ##### 
 
 

── Attaching core tidyverse packages ──────────────────────── tidyverse 2.0.0 ──
✔ dplyr     1.1.2     ✔ purrr     1.0.1
✔ forcats   1.0.0     ✔ stringr   1.5.0
✔ ggplot2   3.4.2     ✔ tibble    3.2.1
✔ lubridate 1.9.2     ✔ tidyr     1.3.0
── Conflicts ────────────────────────────────────────── tidyverse_conflicts() ──
✖ dplyr::filter() masks stats::filter()
✖ dplyr::lag()    masks stats::lag()
ℹ Use the conflicted package (<http://conflicted.r-lib.org/>) to force all conflicts to become errors

Attaching package: ‘data.table’

The following objects are masked from ‘package:lubridate’:

    hour, isoweek, mday, minute, month, quarter, second, wday, week,
    yday, year

The following objects are masked from ‘package:dplyr’:

    between, first, last

The following object is masked from ‘package:purrr’:

    transpose

Warning message:
There were 2 warnings in `dplyr::mutate()`.
The first warning was:
ℹ In argument: `raw_death_rate = as.numeric(raw_death_rate)`.
Caused by warning:
! NAs introduced by coercion
ℹ Run `dplyr::last_dplyr_warnings()` to see the 1 remaining warning. 
Warning message:
There were 2 warnings in `dplyr::mutate()`.
The first warning was:
ℹ In argument: `raw_death_rate = as.numeric(raw_death_rate)`.
Caused by warning:
! NAs introduced by coercion
ℹ Run `dplyr::last_dplyr_warnings()` to see the 1 remaining warning. 
Warning message:
There was 1 warning in `dplyr::mutate()`.
ℹ In argument: `age_specific_death_rate = as.numeric(age_specific_death_rate)`.
Caused by warning:
! NAs introduced by coercion 
Warning message:
There was 1 warning in `dplyr::mutate()`.
ℹ In argument: `age_specific_death_rate = as.numeric(age_specific_death_rate)`.
Caused by warning:
! NAs introduced by coercion 

Output logs successfully written!
--------------------------------------------------------------------------------
Makelog ended: 2023-07-26 18:59:41
Working directory: /Users/sameernair-desai/Desktop/IndRes/CJD_Epi/data
--------------------------------------------------------------------------------
