--------------------------------------------------------------------------------
Versions log started: 2023-09-29 11:26:07
--------------------------------------------------------------------------------
# packages in environment at /opt/homebrew/Caskroom/miniconda/base/envs/CJD_Epi:
#
# Name                    Version                   Build  Channel
_r-mutex                  1.0.1               anacondar_1    conda-forge
anyio                     3.7.0              pyhd8ed1ab_1    conda-forge
appnope                   0.1.3              pyhd8ed1ab_0    conda-forge
argon2-cffi               21.3.0             pyhd8ed1ab_0    conda-forge
argon2-cffi-bindings      21.2.0          py311he2be06e_3    conda-forge
astor                     0.8.1              pyh9f0ad1d_0    conda-forge
asttokens                 2.2.1              pyhd8ed1ab_0    conda-forge
attrs                     23.1.0             pyh71513ae_1    conda-forge
backcall                  0.2.0              pyh9f0ad1d_0    conda-forge
backports                 1.0                pyhd8ed1ab_3    conda-forge
backports.functools_lru_cache 1.6.5              pyhd8ed1ab_0    conda-forge
beautifulsoup4            4.12.2             pyha770c72_0    conda-forge
bleach                    6.0.0              pyhd8ed1ab_0    conda-forge
brotli                    1.0.9                h1a8c8d9_8    conda-forge
brotli-bin                1.0.9                h1a8c8d9_8    conda-forge
bwidget                   1.9.14               hce30654_1    conda-forge
bzip2                     1.0.8                h3422bc3_4    conda-forge
c-ares                    1.19.1               hb547adb_0    conda-forge
ca-certificates           2023.5.7             hf0a4a13_0    conda-forge
cached_property           1.5.2              pyha770c72_1    conda-forge
cairo                     1.16.0            h1e71087_1016    conda-forge
cctools_osx-arm64         973.0.1             h7a0f565_13    conda-forge
certifi                   2023.5.7           pyhd8ed1ab_0    conda-forge
cffi                      1.15.1          py311hae827db_3    conda-forge
charset-normalizer        3.1.0              pyhd8ed1ab_0    conda-forge
clang                     16.0.6               he79909e_0    conda-forge
clang-16                  16.0.6          default_h07b2d96_0    conda-forge
clang_osx-arm64           16.0.6               hc421ffc_0    conda-forge
clangxx                   16.0.6          default_h298e243_0    conda-forge
clangxx_osx-arm64         16.0.6               hcd7bac0_0    conda-forge
colorama                  0.4.6              pyhd8ed1ab_0    conda-forge
comm                      0.1.3              pyhd8ed1ab_0    conda-forge
compiler-rt               16.0.6               hf8d1dfb_0    conda-forge
compiler-rt_osx-arm64     16.0.6               hf8d1dfb_0    conda-forge
contourpy                 1.1.0           py311he4fd1f5_0    conda-forge
curl                      8.1.2                h912dcd9_0    conda-forge
cycler                    0.11.0             pyhd8ed1ab_0    conda-forge
cython                    0.29.35         py311ha891d26_0    conda-forge
debugpy                   1.6.7           py311ha397e9f_0    conda-forge
decorator                 5.1.1              pyhd8ed1ab_0    conda-forge
defusedxml                0.7.1              pyhd8ed1ab_0    conda-forge
entrypoints               0.4                pyhd8ed1ab_0    conda-forge
exceptiongroup            1.1.1              pyhd8ed1ab_0    conda-forge
executing                 1.2.0              pyhd8ed1ab_0    conda-forge
expat                     2.5.0                hb7217d7_1    conda-forge
flit-core                 3.9.0              pyhd8ed1ab_0    conda-forge
font-ttf-dejavu-sans-mono 2.37                 hab24e00_0    conda-forge
font-ttf-inconsolata      3.000                h77eed37_0    conda-forge
font-ttf-source-code-pro  2.038                h77eed37_0    conda-forge
font-ttf-ubuntu           0.83                 hab24e00_0    conda-forge
fontconfig                2.14.2               h82840c6_0    conda-forge
fonts-conda-ecosystem     1                             0    conda-forge
fonts-conda-forge         1                             0    conda-forge
fonttools                 4.40.0          py311heffc1b2_0    conda-forge
formulaic                 0.6.3              pyhd8ed1ab_0    conda-forge
freetype                  2.12.1               hd633e50_1    conda-forge
fribidi                   1.0.10               h27ca646_0    conda-forge
gettext                   0.21.1               h0186832_0    conda-forge
gfortran_impl_osx-arm64   12.2.0              hf7539cf_31    conda-forge
gfortran_osx-arm64        12.2.0               h57527a5_1    conda-forge
gitdb                     4.0.10             pyhd8ed1ab_0    conda-forge
gitpython                 3.1.31             pyhd8ed1ab_0    conda-forge
gmp                       6.2.1                h9f76cd9_0    conda-forge
graphite2                 1.3.13            h9f76cd9_1001    conda-forge
graphlib-backport         1.0.3              pyhd8ed1ab_0    conda-forge
gsl                       2.7                  h6e638da_0    conda-forge
harfbuzz                  7.3.0                h46e5fef_0    conda-forge
icu                       72.1                 he12128b_0    conda-forge
idna                      3.4                pyhd8ed1ab_0    conda-forge
importlib-metadata        6.7.0              pyha770c72_0    conda-forge
importlib_metadata        6.7.0                hd8ed1ab_0    conda-forge
importlib_resources       5.12.0             pyhd8ed1ab_0    conda-forge
interface_meta            1.3.0              pyhd8ed1ab_0    conda-forge
ipykernel                 6.23.3             pyh5fb750a_0    conda-forge
ipython                   8.14.0             pyhd1c38e8_0    conda-forge
ipython_genutils          0.2.0                      py_1    conda-forge
ipywidgets                8.0.6              pyhd8ed1ab_0    conda-forge
isl                       0.25                 h9a09cb3_0    conda-forge
jedi                      0.18.2             pyhd8ed1ab_0    conda-forge
jinja2                    3.1.2              pyhd8ed1ab_1    conda-forge
jsonschema                4.17.3             pyhd8ed1ab_0    conda-forge
jupyter                   1.0.0           py311h267d04e_8    conda-forge
jupyter_client            8.3.0              pyhd8ed1ab_0    conda-forge
jupyter_console           6.6.3              pyhd8ed1ab_0    conda-forge
jupyter_core              5.3.1           py311h267d04e_0    conda-forge
jupyter_events            0.6.3              pyhd8ed1ab_0    conda-forge
jupyter_server            2.6.0              pyhd8ed1ab_0    conda-forge
jupyter_server_terminals  0.4.4              pyhd8ed1ab_1    conda-forge
jupyterlab_pygments       0.2.2              pyhd8ed1ab_0    conda-forge
jupyterlab_widgets        3.0.7              pyhd8ed1ab_1    conda-forge
kiwisolver                1.4.4           py311hd6ee22a_1    conda-forge
krb5                      1.20.1               h69eda48_0    conda-forge
lcms2                     2.15                 hd835a16_1    conda-forge
ld64_osx-arm64            609                 h297e91e_13    conda-forge
lerc                      4.0.0                h9a09cb3_0    conda-forge
libblas                   3.9.0           17_osxarm64_openblas    conda-forge
libbrotlicommon           1.0.9                h1a8c8d9_8    conda-forge
libbrotlidec              1.0.9                h1a8c8d9_8    conda-forge
libbrotlienc              1.0.9                h1a8c8d9_8    conda-forge
libcblas                  3.9.0           17_osxarm64_openblas    conda-forge
libclang-cpp16            16.0.6          default_h07b2d96_0    conda-forge
libcurl                   8.1.2                h912dcd9_0    conda-forge
libcxx                    16.0.6               h4653b0c_0    conda-forge
libdeflate                1.18                 h1a8c8d9_0    conda-forge
libedit                   3.1.20191231         hc8eb9b7_2    conda-forge
libev                     4.33                 h642e427_1    conda-forge
libexpat                  2.5.0                hb7217d7_1    conda-forge
libffi                    3.4.2                h3422bc3_5    conda-forge
libgfortran               5.0.0           12_2_0_hd922786_31    conda-forge
libgfortran-devel_osx-arm64 12.2.0              he825656_31    conda-forge
libgfortran5              12.2.0              h0eea778_31    conda-forge
libglib                   2.76.3               h24e9cb9_0    conda-forge
libiconv                  1.17                 he4db4b2_0    conda-forge
libjpeg-turbo             2.1.5.1              h1a8c8d9_0    conda-forge
liblapack                 3.9.0           17_osxarm64_openblas    conda-forge
libllvm16                 16.0.6               he79909e_0    conda-forge
libnghttp2                1.52.0               hae82a92_0    conda-forge
libopenblas               0.3.23          openmp_hc731615_0    conda-forge
libpng                    1.6.39               h76d750c_0    conda-forge
libsodium                 1.0.18               h27ca646_1    conda-forge
libsqlite                 3.42.0               hb31c410_0    conda-forge
libssh2                   1.11.0               h7a5bd25_0    conda-forge
libtiff                   4.5.1                h23a1a89_0    conda-forge
libwebp-base              1.3.0                h1a8c8d9_0    conda-forge
libxcb                    1.15                 hf346824_0    conda-forge
libxml2                   2.11.4               he3bdae6_0    conda-forge
libzlib                   1.2.13               h53f4e23_5    conda-forge
linearmodels              4.27            py311h4add359_2    conda-forge
llvm-openmp               16.0.6               h1c12783_0    conda-forge
llvm-tools                16.0.6               he79909e_0    conda-forge
make                      4.3                  he57ea6c_1    conda-forge
markupsafe                2.1.3           py311heffc1b2_0    conda-forge
matplotlib                3.7.0           py311ha1ab1f8_0    conda-forge
matplotlib-base           3.7.0           py311h99a5f44_0    conda-forge
matplotlib-inline         0.1.6              pyhd8ed1ab_0    conda-forge
mistune                   3.0.0              pyhd8ed1ab_0    conda-forge
mpc                       1.3.1                h91ba8db_0    conda-forge
mpfr                      4.2.0                he09a6ba_0    conda-forge
munkres                   1.1.4              pyh9f0ad1d_0    conda-forge
mypy_extensions           1.0.0              pyha770c72_0    conda-forge
nbclassic                 1.0.0              pyhb4ecaf3_1    conda-forge
nbclient                  0.8.0              pyhd8ed1ab_0    conda-forge
nbconvert                 7.6.0              pyhd8ed1ab_0    conda-forge
nbconvert-core            7.6.0              pyhd8ed1ab_0    conda-forge
nbconvert-pandoc          7.6.0              pyhd8ed1ab_0    conda-forge
nbformat                  5.9.0              pyhd8ed1ab_0    conda-forge
ncurses                   6.4                  h7ea286d_0    conda-forge
nest-asyncio              1.5.6              pyhd8ed1ab_0    conda-forge
notebook                  6.5.4              pyha770c72_0    conda-forge
notebook-shim             0.2.3              pyhd8ed1ab_0    conda-forge
numpy                     1.24.2          py311h60f8152_0    conda-forge
openjpeg                  2.5.0                hbc2ba62_2    conda-forge
openssl                   3.1.1                h53f4e23_1    conda-forge
overrides                 7.3.1              pyhd8ed1ab_0    conda-forge
packaging                 23.1               pyhd8ed1ab_0    conda-forge
pandas                    2.0.2           py311h9e438b8_0    conda-forge
pandoc                    2.19.2               hce30654_2    conda-forge
pandocfilters             1.5.0              pyhd8ed1ab_0    conda-forge
pango                     1.50.14              h9f7e0c6_1    conda-forge
parso                     0.8.3              pyhd8ed1ab_0    conda-forge
patsy                     0.5.3              pyhd8ed1ab_0    conda-forge
pcre2                     10.40                hb34f9b4_0    conda-forge
pexpect                   4.8.0              pyh1a96a4e_2    conda-forge
pickleshare               0.7.5                   py_1003    conda-forge
pillow                    9.5.0           py311h095fde6_1    conda-forge
pip                       23.0.1             pyhd8ed1ab_0    conda-forge
pixman                    0.40.0               h27ca646_0    conda-forge
pkgutil-resolve-name      1.3.10             pyhd8ed1ab_0    conda-forge
platformdirs              3.8.0              pyhd8ed1ab_0    conda-forge
pooch                     1.7.0              pyha770c72_3    conda-forge
prometheus_client         0.17.0             pyhd8ed1ab_0    conda-forge
prompt-toolkit            3.0.38             pyha770c72_0    conda-forge
prompt_toolkit            3.0.38               hd8ed1ab_0    conda-forge
property-cached           1.6.4                      py_0    conda-forge
property_cached           1.6.4                         0    conda-forge
psutil                    5.9.5           py311he2be06e_0    conda-forge
pthread-stubs             0.4               h27ca646_1001    conda-forge
ptyprocess                0.7.0              pyhd3deb0d_0    conda-forge
pure_eval                 0.2.2              pyhd8ed1ab_0    conda-forge
pycparser                 2.21               pyhd8ed1ab_0    conda-forge
pygments                  2.15.1             pyhd8ed1ab_0    conda-forge
pyhdfe                    0.1.1              pyhd8ed1ab_0    conda-forge
pyobjc-core               9.2             py311hb702dc4_0    conda-forge
pyobjc-framework-cocoa    9.2             py311hb702dc4_0    conda-forge
pyparsing                 3.1.0              pyhd8ed1ab_0    conda-forge
pyrsistent                0.19.3          py311he2be06e_0    conda-forge
pysocks                   1.7.1              pyha2e5f31_6    conda-forge
python                    3.11.0          h3ba56d0_1_cpython    conda-forge
python-dateutil           2.8.2              pyhd8ed1ab_0    conda-forge
python-fastjsonschema     2.17.1             pyhd8ed1ab_0    conda-forge
python-json-logger        2.0.7              pyhd8ed1ab_0    conda-forge
python-tzdata             2023.3             pyhd8ed1ab_0    conda-forge
python_abi                3.11                    3_cp311    conda-forge
pytz                      2023.3             pyhd8ed1ab_0    conda-forge
pyyaml                    6.0             py311he2be06e_5    conda-forge
pyzmq                     25.1.0          py311hb1af645_0    conda-forge
r                         4.2             r42hd8ed1ab_1007    conda-forge
r-askpass                 1.1               r42h21dc0da_4    conda-forge
r-assertthat              0.2.1             r42hc72bb7e_4    conda-forge
r-backports               1.4.1             r42h21dc0da_2    conda-forge
r-base                    4.2.3                h4b3f977_3    conda-forge
r-base64enc               0.1_3           r42h21dc0da_1006    conda-forge
r-bit                     4.0.5             r42h21dc0da_1    conda-forge
r-bit64                   4.0.5             r42h21dc0da_2    conda-forge
r-blob                    1.2.4             r42hc72bb7e_1    conda-forge
r-boot                    1.3_28.1          r42hc72bb7e_1    conda-forge
r-broom                   1.0.5             r42hc72bb7e_1    conda-forge
r-bslib                   0.5.0             r42hc72bb7e_1    conda-forge
r-cachem                  1.0.8             r42h21dc0da_1    conda-forge
r-callr                   3.7.3             r42hc72bb7e_1    conda-forge
r-cellranger              1.1.0           r42hc72bb7e_1006    conda-forge
r-class                   7.3_22            r42h21dc0da_1    conda-forge
r-cli                     3.6.1             r42he62749d_1    conda-forge
r-clipr                   0.8.0             r42hc72bb7e_2    conda-forge
r-cluster                 2.1.4             r42h81fe24e_1    conda-forge
r-codetools               0.2_19            r42hc72bb7e_1    conda-forge
r-colorspace              2.1_0             r42h21dc0da_1    conda-forge
r-conflicted              1.2.0             r42h785f33e_1    conda-forge
r-cpp11                   0.4.3             r42hc72bb7e_1    conda-forge
r-crayon                  1.5.2             r42hc72bb7e_2    conda-forge
r-curl                    5.0.1             r42h867807f_0    conda-forge
r-data.table              1.14.8            r42h5bdffde_2    conda-forge
r-dbi                     1.1.3             r42hc72bb7e_2    conda-forge
r-dbplyr                  2.3.2             r42hc72bb7e_1    conda-forge
r-digest                  0.6.31            r42he62749d_1    conda-forge
r-dplyr                   1.1.2             r42he62749d_1    conda-forge
r-dtplyr                  1.3.1             r42hc72bb7e_1    conda-forge
r-ellipsis                0.3.2             r42h21dc0da_2    conda-forge
r-evaluate                0.21              r42hc72bb7e_1    conda-forge
r-fansi                   1.0.4             r42h21dc0da_1    conda-forge
r-farver                  2.1.1             r42he62749d_2    conda-forge
r-fastmap                 1.1.1             r42he62749d_1    conda-forge
r-fontawesome             0.5.1             r42hc72bb7e_1    conda-forge
r-forcats                 1.0.0             r42hc72bb7e_1    conda-forge
r-foreign                 0.8_84            r42h21dc0da_1    conda-forge
r-fs                      1.6.2             r42he62749d_1    conda-forge
r-gargle                  1.5.1             r42h785f33e_0    conda-forge
r-generics                0.1.3             r42hc72bb7e_2    conda-forge
r-gghighlight             0.4.0             r42hc72bb7e_1    conda-forge
r-ggplot2                 3.4.2             r42hc72bb7e_1    conda-forge
r-ggrepel                 0.9.3             r42he62749d_1    conda-forge
r-glue                    1.6.2             r42h21dc0da_2    conda-forge
r-googledrive             2.1.1             r42hc72bb7e_1    conda-forge
r-googlesheets4           1.1.1             r42h785f33e_1    conda-forge
r-gridextra               2.3             r42hc72bb7e_1005    conda-forge
r-gtable                  0.3.3             r42hc72bb7e_1    conda-forge
r-haven                   2.5.2             r42he62749d_1    conda-forge
r-highr                   0.10              r42hc72bb7e_1    conda-forge
r-hms                     1.1.3             r42hc72bb7e_1    conda-forge
r-htmltools               0.5.5             r42he62749d_1    conda-forge
r-httr                    1.4.6             r42hc72bb7e_1    conda-forge
r-ids                     1.0.1             r42hc72bb7e_3    conda-forge
r-isoband                 0.2.7             r42he62749d_2    conda-forge
r-jquerylib               0.1.4             r42hc72bb7e_2    conda-forge
r-jsonlite                1.8.5             r42h21dc0da_1    conda-forge
r-kernsmooth              2.23_21           r42hf85d023_1    conda-forge
r-knitr                   1.43              r42hc72bb7e_1    conda-forge
r-labeling                0.4.2             r42hc72bb7e_3    conda-forge
r-lattice                 0.21_8            r42h21dc0da_1    conda-forge
r-lifecycle               1.0.3             r42hc72bb7e_2    conda-forge
r-lubridate               1.9.2             r42h21dc0da_2    conda-forge
r-magrittr                2.0.3             r42h21dc0da_2    conda-forge
r-mass                    7.3_60            r42h21dc0da_1    conda-forge
r-matrix                  1.5_4.1           r42hdce2eb6_1    conda-forge
r-memoise                 2.0.1             r42hc72bb7e_2    conda-forge
r-mgcv                    1.8_42            r42h8420647_1    conda-forge
r-mime                    0.12              r42h21dc0da_2    conda-forge
r-modelr                  0.1.11            r42hc72bb7e_1    conda-forge
r-munsell                 0.5.0           r42hc72bb7e_1006    conda-forge
r-nlme                    3.1_162           r42h81fe24e_1    conda-forge
r-nnet                    7.3_19            r42h21dc0da_1    conda-forge
r-openssl                 2.0.6             r42h138cb08_1    conda-forge
r-patchwork               1.1.2             r42hc72bb7e_2    conda-forge
r-pillar                  1.9.0             r42hc72bb7e_1    conda-forge
r-pkgconfig               2.0.3             r42hc72bb7e_3    conda-forge
r-prettyunits             1.1.1             r42hc72bb7e_3    conda-forge
r-processx                3.8.1             r42h21dc0da_1    conda-forge
r-progress                1.2.2             r42hc72bb7e_4    conda-forge
r-ps                      1.7.5             r42h21dc0da_1    conda-forge
r-purrr                   1.0.1             r42h21dc0da_1    conda-forge
r-r6                      2.5.1             r42hc72bb7e_2    conda-forge
r-ragg                    1.2.5             r42he383b5e_2    conda-forge
r-rappdirs                0.3.3             r42h21dc0da_2    conda-forge
r-rcolorbrewer            1.1_3             r42h785f33e_2    conda-forge
r-rcpp                    1.0.10            r42he62749d_1    conda-forge
r-readr                   2.1.4             r42he62749d_1    conda-forge
r-readxl                  1.4.2             r42h9c2710d_1    conda-forge
r-recommended             4.2             r42hd8ed1ab_1006    conda-forge
r-rematch                 1.0.1           r42hc72bb7e_1006    conda-forge
r-rematch2                2.1.2             r42hc72bb7e_3    conda-forge
r-repr                    1.1.6             r42h785f33e_1    conda-forge
r-reprex                  2.0.2             r42hc72bb7e_2    conda-forge
r-rlang                   1.1.1             r42he62749d_1    conda-forge
r-rmarkdown               2.22              r42hc72bb7e_1    conda-forge
r-rpart                   4.1.19            r42h21dc0da_1    conda-forge
r-rstudioapi              0.14              r42hc72bb7e_2    conda-forge
r-rvest                   1.0.3             r42hc72bb7e_2    conda-forge
r-sass                    0.4.6             r42he62749d_1    conda-forge
r-scales                  1.2.1             r42hc72bb7e_2    conda-forge
r-selectr                 0.4_2             r42hc72bb7e_3    conda-forge
r-skimr                   2.1.5             r42hc72bb7e_1    conda-forge
r-spatial                 7.3_16            r42h21dc0da_1    conda-forge
r-stringi                 1.7.12            r42hb8c85c0_2    conda-forge
r-stringr                 1.5.0             r42h785f33e_1    conda-forge
r-survival                3.5_5             r42h21dc0da_1    conda-forge
r-sys                     3.4.2             r42h21dc0da_1    conda-forge
r-systemfonts             1.0.4             r42h4f0b353_2    conda-forge
r-textshaping             0.3.6             r42h614c5d1_6    conda-forge
r-tibble                  3.2.1             r42h21dc0da_2    conda-forge
r-tidyr                   1.3.0             r42he62749d_1    conda-forge
r-tidyselect              1.2.0             r42h011812f_1    conda-forge
r-tidyverse               2.0.0             r42h785f33e_1    conda-forge
r-timechange              0.2.0             r42he62749d_1    conda-forge
r-tinytex                 0.45              r42hc72bb7e_1    conda-forge
r-tzdb                    0.4.0             r42he62749d_1    conda-forge
r-utf8                    1.2.3             r42h21dc0da_1    conda-forge
r-uuid                    1.1_0             r42h21dc0da_2    conda-forge
r-vctrs                   0.6.3             r42he62749d_0    conda-forge
r-viridislite             0.4.2             r42hc72bb7e_1    conda-forge
r-vroom                   1.6.3             r42he62749d_1    conda-forge
r-withr                   2.5.0             r42hc72bb7e_2    conda-forge
r-xfun                    0.39              r42he62749d_1    conda-forge
r-xml2                    1.3.4             r42h77ef413_2    conda-forge
r-yaml                    2.3.7             r42h21dc0da_1    conda-forge
readline                  8.2                  h92ec313_1    conda-forge
requests                  2.31.0             pyhd8ed1ab_0    conda-forge
rfc3339-validator         0.1.4              pyhd8ed1ab_0    conda-forge
rfc3986-validator         0.1.1              pyh9f0ad1d_0    conda-forge
scipy                     1.11.0          py311h93d07a4_0    conda-forge
send2trash                1.8.2              pyhd1c38e8_0    conda-forge
setuptools                68.0.0             pyhd8ed1ab_0    conda-forge
setuptools-scm            7.1.0              pyhd8ed1ab_0    conda-forge
sigtool                   0.1.3                h44b9a77_0    conda-forge
six                       1.16.0             pyh6c4a22f_0    conda-forge
smmap                     3.0.5              pyh44b312d_0    conda-forge
sniffio                   1.3.0              pyhd8ed1ab_0    conda-forge
soupsieve                 2.3.2.post1        pyhd8ed1ab_0    conda-forge
stack_data                0.6.2              pyhd8ed1ab_0    conda-forge
statsmodels               0.14.0          py311hb49d859_1    conda-forge
tapi                      1100.0.11            he4954df_0    conda-forge
termcolor                 2.2.0              pyhd8ed1ab_0    conda-forge
terminado                 0.17.1             pyhd1c38e8_0    conda-forge
tinycss2                  1.2.1              pyhd8ed1ab_0    conda-forge
tk                        8.6.12               he1e0b03_0    conda-forge
tktable                   2.10                 h4161312_3    conda-forge
tomli                     2.0.1              pyhd8ed1ab_0    conda-forge
tornado                   6.3.2           py311heffc1b2_0    conda-forge
traitlets                 5.9.0              pyhd8ed1ab_0    conda-forge
typing-extensions         4.6.3                hd8ed1ab_0    conda-forge
typing_extensions         4.6.3              pyha770c72_0    conda-forge
typing_utils              0.1.0              pyhd8ed1ab_0    conda-forge
tzdata                    2023c                h71feb2d_0    conda-forge
urllib3                   2.0.3              pyhd8ed1ab_0    conda-forge
wcwidth                   0.2.6              pyhd8ed1ab_0    conda-forge
webencodings              0.5.1                      py_1    conda-forge
websocket-client          1.6.1              pyhd8ed1ab_0    conda-forge
wheel                     0.40.0             pyhd8ed1ab_0    conda-forge
widgetsnbextension        4.0.7              pyhd8ed1ab_0    conda-forge
wrapt                     1.15.0          py311he2be06e_0    conda-forge
xorg-libxau               1.0.11               hb547adb_0    conda-forge
xorg-libxdmcp             1.1.3                h27ca646_0    conda-forge
xz                        5.2.6                h57fd34a_0    conda-forge
yaml                      0.2.5                h3422bc3_2    conda-forge
zeromq                    4.3.4                hbdafb3b_1    conda-forge
zipp                      3.15.0             pyhd8ed1ab_0    conda-forge
zlib                      1.2.13               h53f4e23_5    conda-forge
zstd                      1.5.2                hf913c23_6    conda-forge

