--------------------------------------------------------------------------------
Makelog started: 2023-01-07 13:56:47
Working directory: /Users/sameernd/Desktop/CJD_Epi/analysis
--------------------------------------------------------------------------------
Input links successfully created!
External links successfully created!
Source logs successfully written!
WARNING! The following target files have been modified according to git status:
/Users/sameernd/Desktop/CJD_Epi/data/output/cleaned_nmr_gender_specific.RDS
Version logs successfully written!
Executing command: `Rscript --no-save "/Users/sameernd/Desktop/CJD_Epi/analysis/code/figure_d.R"`
Age-specific national mortality rates by gender have been loaded... 
  time_period age_specific_death_rate Gender  Age Groups       Year
1        2007                  31.489 Female 55-64 years 2007-01-01
2        2007                  44.357 Female 65-74 years 2007-01-01
3        2007                  31.191 Female 75-84 years 2007-01-01
4        2008                  22.622 Female 55-64 years 2008-01-01
5        2008                  49.981 Female 65-74 years 2008-01-01
6        2008                  47.019 Female 75-84 years 2008-01-01
Figure D data has been compiled... 
Figure D has been mapped and exported... 
 
 
##### FIGURE D COMPILATION COMPLETED ##### 
 
 

── Attaching packages ─────────────────────────────────────── tidyverse 1.3.2 ──
✔ ggplot2 3.3.6      ✔ purrr   1.0.0 
✔ tibble  3.1.8      ✔ dplyr   1.0.10
✔ tidyr   1.2.1      ✔ stringr 1.5.0 
✔ readr   2.1.3      ✔ forcats 0.5.2 
── Conflicts ────────────────────────────────────────── tidyverse_conflicts() ──
✖ dplyr::filter() masks stats::filter()
✖ dplyr::lag()    masks stats::lag()

Attaching package: ‘gridExtra’

The following object is masked from ‘package:dplyr’:

    combine

Saving 7 x 7 in image
Saving 7 x 7 in image

Output logs successfully written!
--------------------------------------------------------------------------------
Makelog ended: 2023-01-07 13:56:52
Working directory: /Users/sameernd/Desktop/CJD_Epi/analysis
--------------------------------------------------------------------------------
